2016-08-16 11:45:12,816 INFO  [Log] Open the Application 
2016-08-16 11:45:17,338 INFO  [Log] Verify Home Page 
2016-08-16 11:46:57,873 INFO  [Log] Open the Application 
2016-08-16 11:46:59,703 INFO  [Log] Verify Home Page 
2016-08-16 11:46:59,849 INFO  [Log] Click SignUp on the Home Page 
2016-08-16 11:47:03,409 INFO  [Log] Verify SignUp Page 
2016-08-16 11:47:06,067 INFO  [Log] Click SignUp Page 
2016-08-16 11:47:10,697 INFO  [Log] Sign Up to the application 
2016-08-16 11:47:16,084 INFO  [Log] Click Post Your Add Button 
2016-08-16 11:47:16,951 INFO  [Log] Click on Sell and Item or service link 
2016-08-16 11:47:20,108 INFO  [Log] Click Electronics Link 
2016-08-16 11:47:45,186 INFO  [Log] Click TVs Link 
2016-08-16 11:47:49,226 INFO  [Log] Select City Or Division Dhaka 
2016-08-16 11:48:14,305 INFO  [Log]  Select Local area 
2016-08-16 11:48:17,410 INFO  [Log] Select Condition 
2016-08-16 11:48:17,676 INFO  [Log] Select Brand 
2016-08-16 11:48:17,975 INFO  [Log] Enter Model 
2016-08-16 11:48:18,134 INFO  [Log] Enter Title 
2016-08-16 11:48:18,473 INFO  [Log] Enter Description 
2016-08-16 11:48:18,566 INFO  [Log] Enter Price 
2016-08-16 11:48:22,543 INFO  [Log] Enter Phone Number 
2016-08-16 11:48:25,083 INFO  [Log] Click My Adds Button 
2016-08-16 11:48:25,725 INFO  [Log] Verify Posted Add 
2017-06-24 20:32:15,973 INFO  [Log] Open the Application 
2017-06-24 20:32:17,705 INFO  [Log] Verify Home Page 
2017-06-24 20:32:19,292 INFO  [Log] Click SignUp on the Home Page 
2017-06-24 20:32:19,627 INFO  [Log] Verify SignUp Page 
2017-06-24 20:56:21,968 INFO  [Log] Open the Application 
2017-06-24 20:56:23,337 INFO  [Log] Verify Home Page 
2017-06-24 20:56:25,148 INFO  [Log] Click SignUp on the Home Page 
2017-06-24 20:56:25,482 INFO  [Log] Verify SignUp Page 
2017-06-24 21:07:37,071 INFO  [Log] Open the Application 
2017-06-24 21:07:38,830 INFO  [Log] Verify Home Page 
2017-06-24 21:11:42,836 INFO  [Log] Open the Application 
2017-06-24 21:11:44,792 INFO  [Log] Verify Home Page 
2017-06-24 21:13:05,810 INFO  [Log] Open the Application 
2017-06-24 21:13:07,552 INFO  [Log] Verify Home Page 
2017-06-24 21:13:11,020 INFO  [Log] Click SignUp on the Home Page 
2017-06-24 21:13:11,357 INFO  [Log] Verify SignUp Page 
2017-06-24 21:13:12,108 INFO  [Log] Click SignUp Page 
2017-06-24 21:17:25,105 INFO  [Log] Open the Application 
2017-06-24 21:17:26,905 INFO  [Log] Verify Home Page 
2017-06-24 21:17:30,424 INFO  [Log] Click SignUp on the Home Page 
2017-06-24 21:17:30,851 INFO  [Log] Verify SignUp Page 
2017-06-24 21:17:31,586 INFO  [Log] Click SignUp Page 
2017-06-24 21:17:33,869 INFO  [Log] Sign Up to the application 
2017-06-24 21:17:35,714 INFO  [Log] Click Post Your Add Button 
2017-06-24 21:17:37,119 INFO  [Log] Click on Sell and Item or service link 
2017-06-24 21:17:37,646 INFO  [Log] Click Electronics Link 
2017-06-24 21:18:02,696 INFO  [Log] Click TVs Link 
2017-06-24 21:18:04,494 INFO  [Log] Select City Or Division Dhaka 
2017-06-24 21:18:29,589 INFO  [Log]  Select Local area 
2017-06-24 21:24:24,807 INFO  [Log] Open the Application 
2017-06-24 21:24:26,657 INFO  [Log] Verify Home Page 
2017-06-24 21:24:33,057 INFO  [Log] Click SignUp on the Home Page 
2017-06-24 21:24:33,395 INFO  [Log] Verify SignUp Page 
2017-06-24 21:24:35,612 INFO  [Log] Click SignUp Page 
2017-06-24 21:24:39,128 INFO  [Log] Sign Up to the application 
2017-06-24 21:24:42,712 INFO  [Log] Click Post Your Add Button 
2017-06-24 21:24:44,798 INFO  [Log] Click on Sell and Item or service link 
2017-06-24 21:24:45,315 INFO  [Log] Click Electronics Link 
2017-06-24 21:25:10,362 INFO  [Log] Click TVs Link 
2017-06-24 21:25:13,799 INFO  [Log] Select City Or Division Dhaka 
2017-06-24 21:30:07,663 INFO  [Log] Open the Application 
2017-06-24 21:30:09,456 INFO  [Log] Verify Home Page 
2017-06-24 21:30:15,755 INFO  [Log] Click SignUp on the Home Page 
2017-06-24 21:30:16,086 INFO  [Log] Verify SignUp Page 
2017-06-24 21:30:18,221 INFO  [Log] Click SignUp Page 
2017-06-24 21:30:22,352 INFO  [Log] Sign Up to the application 
2017-06-24 21:30:26,257 INFO  [Log] Click Post Your Add Button 
2017-06-24 21:30:28,502 INFO  [Log] Click on Sell and Item or service link 
2017-06-24 21:30:29,065 INFO  [Log] Click Electronics Link 
2017-06-24 21:30:54,115 INFO  [Log] Click TVs Link 
2017-06-24 21:30:57,367 INFO  [Log] Select City Or Division Dhaka 
2017-06-24 21:36:15,317 INFO  [Log] Open the Application 
2017-06-24 21:36:16,780 INFO  [Log] Verify Home Page 
2017-06-24 21:36:23,793 INFO  [Log] Click SignUp on the Home Page 
2017-06-24 21:36:24,232 INFO  [Log] Verify SignUp Page 
2017-06-24 21:36:26,563 INFO  [Log] Click SignUp Page 
2017-06-24 21:36:30,199 INFO  [Log] Sign Up to the application 
2017-06-24 21:36:33,808 INFO  [Log] Click Post Your Add Button 
2017-06-24 21:36:36,814 INFO  [Log] Click on Sell and Item or service link 
2017-06-24 21:36:37,383 INFO  [Log] Click Electronics Link 
2017-06-24 21:37:02,431 INFO  [Log] Click TVs Link 
2017-06-24 21:37:05,691 INFO  [Log] Select City Or Division Dhaka 
2017-06-24 21:40:03,884 INFO  [Log] Open the Application 
2017-06-24 21:40:05,645 INFO  [Log] Verify Home Page 
2017-06-24 21:40:12,900 INFO  [Log] Click SignUp on the Home Page 
2017-06-24 21:40:13,330 INFO  [Log] Verify SignUp Page 
2017-06-24 21:40:15,469 INFO  [Log] Click SignUp Page 
2017-06-24 21:40:19,656 INFO  [Log] Sign Up to the application 
2017-06-24 21:40:22,907 INFO  [Log] Click Post Your Add Button 
2017-06-24 21:40:25,315 INFO  [Log] Click on Sell and Item or service link 
2017-06-24 21:40:25,776 INFO  [Log] Click Electronics Link 
2017-06-24 21:40:50,830 INFO  [Log] Click TVs Link 
2017-06-24 21:40:53,903 INFO  [Log] Select City Or Division Dhaka 
2017-06-24 21:41:18,962 INFO  [Log]  Select Local area 
2017-06-24 21:41:22,590 INFO  [Log] Select Brand 
2017-06-24 21:41:22,851 INFO  [Log] Enter Model 
2017-06-24 21:41:23,201 INFO  [Log] Enter Title 
2017-06-24 21:41:23,506 INFO  [Log] Enter Description 
2017-06-24 21:41:23,650 INFO  [Log] Enter Price 
2017-06-24 21:41:23,650 INFO  [Log] Enter Phone Number 
2017-06-24 21:41:23,650 INFO  [Log] Click My Adds Button 
2017-06-24 21:41:23,650 INFO  [Log] Verify Posted Add 
2017-06-25 10:35:59,461 INFO  [Log] Open the Application 
2017-06-25 10:36:01,302 INFO  [Log] Verify Home Page 
2017-06-25 10:36:07,913 INFO  [Log] Click SignUp on the Home Page 
2017-06-25 10:36:08,242 INFO  [Log] Verify SignUp Page 
2017-06-25 10:36:10,675 INFO  [Log] Click SignUp Page 
2017-06-25 10:36:14,263 INFO  [Log] Sign Up to the application 
2017-06-25 10:36:18,689 INFO  [Log] Click Post Your Add Button 
2017-06-25 10:36:21,085 INFO  [Log] Click on Sell and Item or service link 
2017-06-25 10:36:21,536 INFO  [Log] Click Electronics Link 
